   0  4.972447E+06  1.521281E+06  326104.
   1  4.972447E+06  1.520486E+06  327482.
   2  4.972447E+06  1.519703E+06  328861.
   3  4.972447E+06  1.518911E+06  330273.
   4  4.972447E+06  1.518119E+06  331697.
   5  4.972447E+06  1.517311E+06  333155.
   6  4.972447E+06  1.516525E+06  334586.
   7  4.972447E+06  1.515699E+06  336084.
   8  4.972447E+06  1.514900E+06  337567.
   9  4.972447E+06  1.514080E+06  339081.
   10  4.972447E+06  1.513242E+06  340641.
   11  4.972447E+06  1.512424E+06  342170.
   12  4.972447E+06  1.511598E+06  343748.
   13  4.972447E+06  1.510730E+06  345350.
   14  4.972447E+06  1.509896E+06  346976.
   15  4.972447E+06  1.509034E+06  348625.
   16  4.972447E+06  1.508175E+06  350275.
   17  4.972447E+06  1.507319E+06  351955.
   18  4.972447E+06  1.506463E+06  353643.
   19  4.972447E+06  1.505569E+06  355396.
   20  4.972447E+06  1.504690E+06  357126.
   21  4.972447E+06  1.503807E+06  358911.
   22  4.972447E+06  1.502916E+06  360701.
   23  4.972447E+06  1.502005E+06  362539.
   24  4.972447E+06  1.501108E+06  364362.
   25  4.972447E+06  1.500198E+06  366235.
   26  4.972447E+06  1.499287E+06  368137.
   27  4.972447E+06  1.498343E+06  370058.
   28  4.972447E+06  1.497438E+06  371986.
   29  4.972447E+06  1.496481E+06  373984.
   30  4.972447E+06  1.495535E+06  375978.
   31  4.972447E+06  1.494578E+06  378002.
   32  4.972447E+06  1.493622E+06  380063.
   33  4.972447E+06  1.492661E+06  382151.
   34  4.972447E+06  1.491691E+06  384244.
   35  4.972447E+06  1.490724E+06  386382.
   36  4.972447E+06  1.489723E+06  388566.
   37  4.972447E+06  1.488742E+06  390750.
   38  4.972447E+06  1.487744E+06  392993.
   39  4.972447E+06  1.486739E+06  395225.
   40  4.972447E+06  1.485719E+06  397534.
   41  4.972447E+06  1.484710E+06  399835.
   42  4.972447E+06  1.483681E+06  402209.
   43  4.972447E+06  1.482628E+06  404607.
   44  4.972447E+06  1.481588E+06  407026.
   45  4.972447E+06  1.480528E+06  409492.
   46  4.972447E+06  1.479472E+06  411979.
   47  4.972447E+06  1.478406E+06  414498.
   48  4.972447E+06  1.477339E+06  417061.
   49  4.972447E+06  1.476258E+06  419650.
   50  4.972447E+06  1.475154E+06  422282.
   51  4.972447E+06  1.474052E+06  424983.
   52  4.972447E+06  1.472941E+06  427678.
   53  4.972447E+06  1.471831E+06  430430.
   54  4.972447E+06  1.470700E+06  433230.
   55  4.972447E+06  1.469559E+06  436067.
   56  4.972447E+06  1.468417E+06  438934.
   57  4.972447E+06  1.467269E+06  441842.
   58  4.972447E+06  1.466105E+06  444808.
   59  4.972447E+06  1.464921E+06  447808.
   60  4.972447E+06  1.463750E+06  450848.
   61  4.972447E+06  1.462550E+06  453948.
   62  4.972447E+06  1.461360E+06  457083.
   63  4.972447E+06  1.460155E+06  460251.
   64  4.972447E+06  1.458931E+06  463502.
   65  4.972447E+06  1.457680E+06  466798.
   66  4.972447E+06  1.456442E+06  470117.
   67  4.972447E+06  1.455210E+06  473486.
   68  4.972447E+06  1.453938E+06  476936.
   69  4.972447E+06  1.452672E+06  480418.
   70  4.972447E+06  1.451388E+06  483945.
   71  4.972447E+06  1.450074E+06  487558.
   72  4.972447E+06  1.448769E+06  491184.
   73  4.972447E+06  1.447457E+06  494896.
   74  4.972447E+06  1.446147E+06  498650.
   75  4.972447E+06  1.444792E+06  502466.
   76  4.972447E+06  1.443463E+06  506329.
   77  4.972447E+06  1.442090E+06  510296.
   78  4.972447E+06  1.440705E+06  514299.
   79  4.972447E+06  1.439332E+06  518340.
   80  4.972447E+06  1.437920E+06  522483.
   81  4.972447E+06  1.436510E+06  526682.
   82  4.972447E+06  1.435099E+06  530924.
   83  4.972447E+06  1.433654E+06  535274.
   84  4.972447E+06  1.432206E+06  539646.
   85  4.972447E+06  1.430748E+06  544125.
   86  4.972447E+06  1.429278E+06  548647.
   87  4.972447E+06  1.427772E+06  553296.
   88  4.972447E+06  1.426276E+06  557994.
   89  4.972447E+06  1.424759E+06  562775.
   90  4.972447E+06  1.423223E+06  567612.
   91  4.972447E+06  1.421687E+06  572512.
   92  4.972447E+06  1.420117E+06  577571.
   93  4.972447E+06  1.418546E+06  582645.
   94  4.972447E+06  1.416955E+06  587818.
   95  4.972447E+06  1.415355E+06  593089.
   96  4.972447E+06  1.413744E+06  598400.
   97  4.972447E+06  1.412097E+06  603884.
   98  4.972447E+06  1.410445E+06  609417.
   99  4.972447E+06  1.408778E+06  615075.
   100  4.972447E+06  1.407100E+06  620776.
   101  4.972447E+06  1.405392E+06  626621.
   102  4.972447E+06  1.403670E+06  632544.
   103  4.972447E+06  1.401936E+06  638591.
   104  4.972447E+06  1.400185E+06  644717.
   105  4.972447E+06  1.398418E+06  650982.
   106  4.972447E+06  1.396619E+06  657357.
   107  4.972447E+06  1.394823E+06  663801.
   108  4.972447E+06  1.392988E+06  670410.
   109  4.972447E+06  1.391150E+06  677140.
   110  4.972447E+06  1.389293E+06  683933.
   111  4.972447E+06  1.387396E+06  690930.
   112  4.972447E+06  1.385493E+06  697982.
   113  4.972447E+06  1.383581E+06  705188.
   114  4.972447E+06  1.381634E+06  712525.
   115  4.972447E+06  1.379677E+06  720001.
   116  4.972447E+06  1.377688E+06  727641.
   117  4.972447E+06  1.375684E+06  735376.
   118  4.972447E+06  1.373655E+06  743300.
   119  4.972447E+06  1.371598E+06  751355.
   120  4.972447E+06  1.369532E+06  759540.
   121  4.972447E+06  1.367436E+06  767904.
   122  4.972447E+06  1.365311E+06  776429.
   123  4.972447E+06  1.363174E+06  785132.
   124  4.972447E+06  1.360996E+06  794007.
   125  4.972447E+06  1.358809E+06  803067.
   126  4.972447E+06  1.356586E+06  812256.
   127  4.972447E+06  1.354351E+06  821625.
   128  4.972447E+06  1.352071E+06  831222.
   129  4.972447E+06  1.349786E+06  840978.
   130  4.972447E+06  1.347462E+06  850956.
   131  4.972447E+06  1.345114E+06  861100.
   132  4.972447E+06  1.342728E+06  871485.
   133  4.972447E+06  1.340319E+06  882136.
   134  4.972447E+06  1.337890E+06  892863.
   135  4.972447E+06  1.335431E+06  903905.
   136  4.972447E+06  1.332948E+06  915114.
   137  4.972447E+06  1.330404E+06  926689.
   138  4.972447E+06  1.327858E+06  938395.
   139  4.972447E+06  1.325273E+06  950356.
   140  4.972447E+06  1.322639E+06  962677.
   141  4.972447E+06  1.320011E+06  975075.
   142  4.972447E+06  1.317308E+06  987922.
   143  4.972447E+06  1.314579E+06  1.000999E+06
   144  4.972447E+06  1.311822E+06  1.014347E+06
   145  4.972447E+06  1.309028E+06  1.027963E+06
   146  4.972447E+06  1.306203E+06  1.041886E+06
   147  4.972447E+06  1.303344E+06  1.056086E+06
   148  4.972447E+06  1.300438E+06  1.070709E+06
   149  4.972447E+06  1.297491E+06  1.085595E+06
   150  4.972447E+06  1.294521E+06  1.100838E+06
   151  4.972447E+06  1.291490E+06  1.116459E+06
   152  4.972447E+06  1.288444E+06  1.132374E+06
   153  4.972447E+06  1.285330E+06  1.148743E+06
   154  4.972447E+06  1.282180E+06  1.165421E+06
   155  4.972447E+06  1.278993E+06  1.182521E+06
   156  4.972447E+06  1.275749E+06  1.200106E+06
   157  4.972447E+06  1.272464E+06  1.217981E+06
   158  4.972447E+06  1.269140E+06  1.236401E+06
   159  4.972447E+06  1.265756E+06  1.255236E+06
   160  4.972447E+06  1.262342E+06  1.274480E+06
   161  4.972447E+06  1.258853E+06  1.294279E+06
   162  4.972447E+06  1.255317E+06  1.314562E+06
   163  4.972447E+06  1.251755E+06  1.335317E+06
   164  4.972447E+06  1.248130E+06  1.356609E+06
   165  4.972447E+06  1.244425E+06  1.378478E+06
   166  4.972447E+06  1.240682E+06  1.400904E+06
   167  4.972447E+06  1.236881E+06  1.423907E+06
   168  4.972447E+06  1.233030E+06  1.447468E+06
   169  4.972447E+06  1.229105E+06  1.471753E+06
   170  4.972447E+06  1.225121E+06  1.496619E+06
   171  4.972447E+06  1.221087E+06  1.522119E+06
   172  4.972447E+06  1.216965E+06  1.548458E+06
   173  4.972447E+06  1.212789E+06  1.575404E+06
   174  4.972447E+06  1.208552E+06  1.603110E+06
   175  4.972447E+06  1.204240E+06  1.631615E+06
   176  4.972447E+06  1.199845E+06  1.660979E+06
   177  4.972447E+06  1.195400E+06  1.691063E+06
   178  4.972447E+06  1.190884E+06  1.721963E+06
   179  4.972447E+06  1.186249E+06  1.754051E+06
   180  4.972447E+06  1.181565E+06  1.786926E+06
   181  4.972447E+06  1.176789E+06  1.820763E+06
   182  4.972447E+06  1.171944E+06  1.855565E+06
   183  4.972447E+06  1.167010E+06  1.891439E+06
   184  4.972447E+06  1.161959E+06  1.928574E+06
   185  4.972447E+06  1.156852E+06  1.966688E+06
   186  4.972447E+06  1.151634E+06  2.006067E+06
   187  4.972447E+06  1.146333E+06  2.046585E+06
   188  4.972447E+06  1.140923E+06  2.088656E+06
   189  4.972447E+06  1.135413E+06  2.131909E+06
   190  4.972447E+06  1.129806E+06  2.176643E+06
   191  4.972447E+06  1.124089E+06  2.222812E+06
   192  4.972447E+06  1.118257E+06  2.270484E+06
   193  4.972447E+06  1.112310E+06  2.319880E+06
   194  4.972447E+06  1.106231E+06  2.371084E+06
   195  4.972447E+06  1.100052E+06  2.423904E+06
   196  4.972447E+06  1.093742E+06  2.478584E+06
   197  4.972447E+06  1.087296E+06  2.535287E+06
   198  4.972447E+06  1.080725E+06  2.593952E+06
   199  4.972447E+06  1.074014E+06  2.654922E+06
   200  4.972447E+06  1.067157E+06  2.718134E+06
   201  4.972447E+06  1.060153E+06  2.783687E+06
   202  4.972447E+06  1.052995E+06  2.851796E+06
   203  4.972447E+06  1.045688E+06  2.922483E+06
   204  4.972447E+06  1.038210E+06  2.996033E+06
   205  4.972447E+06  1.030572E+06  3.072392E+06
   206  4.972447E+06  1.022732E+06  3.152207E+06
   207  4.972447E+06  1.014732E+06  3.235031E+06
   208  4.972447E+06  1.006538E+06  3.321486E+06
   209  4.972447E+06  998145.  3.411473E+06
   210  4.972447E+06  989560.  3.505444E+06
   211  4.972447E+06  980750.  3.603569E+06
   212  4.972447E+06  971736.  3.706161E+06
   213  4.972447E+06  962480.  3.813387E+06
   214  4.972447E+06  952990.  3.925741E+06
   215  4.972447E+06  943237.  4.043443E+06
   216  4.972447E+06  933242.  4.166861E+06
   217  4.972447E+06  922974.  4.296287E+06
   218  4.972447E+06  912417.  4.432400E+06
   219  4.972447E+06  901574.  4.575424E+06
   220  4.972447E+06  890418.  4.726023E+06
   221  4.972447E+06  878935.  4.884544E+06
   222  4.972447E+06  867129.  5.052034E+06
   223  4.972447E+06  854949.  5.229176E+06
   224  4.972447E+06  842409.  5.416406E+06
   225  4.972447E+06  829468.  5.614834E+06
   226  4.972447E+06  816121.  5.825272E+06
   227  4.972447E+06  802324.  6.049268E+06
   228  4.972447E+06  788089.  6.287265E+06
   229  4.972447E+06  773357.  6.541341E+06
   230  4.972447E+06  758107.  6.813227E+06
   231  4.972447E+06  742324.  7.103875E+06
   232  4.972447E+06  725958.  7.416105E+06
   233  4.972447E+06  708976.  7.752313E+06
   234  4.972447E+06  691346.  8.114520E+06
   235  4.972447E+06  673019.  8.506917E+06
   236  4.972447E+06  653942.  8.932880E+06
   237  4.972447E+06  634051.  9.397216E+06
   238  4.972447E+06  613316.  9.905166E+06
   239  4.972447E+06  591644.  1.046341E+07
   240  4.972447E+06  568965.  1.108010E+07
   241  4.972447E+06  545204.  1.176541E+07
   242  4.972447E+06  520236.  1.253275E+07
   243  4.972447E+06  493975.  1.339804E+07
   244  4.972447E+06  466277.  1.438393E+07
   245  4.972447E+06  436986.  1.552110E+07
   246  4.972447E+06  405937.  1.685255E+07
   247  4.972447E+06  372897.  1.844370E+07
   248  4.972447E+06  337611.  2.040111E+07
   249  4.972447E+06  299764.  2.291806E+07
   250  4.972447E+06  259111.  2.641454E+07
   251  4.972447E+06  216540.  3.222429E+07
   252  4.972447E+06 -NaN -NaN
   253  4.972447E+06 -NaN -NaN
   254  4.972447E+06 -NaN -NaN
   255  4.972447E+06 -NaN -NaN
   256  4.972447E+06 -NaN -NaN
   257  4.972447E+06 -NaN -NaN
   258  4.972447E+06 -NaN -NaN
   259  4.972447E+06 -NaN -NaN
   260  4.972447E+06 -NaN -NaN
   261  4.972447E+06 -NaN -NaN
   262  4.972447E+06 -NaN -NaN
   263  4.972447E+06 -NaN -NaN
   264  4.972447E+06 -NaN -NaN
   265  4.972447E+06 -NaN -NaN
   266  4.972447E+06 -NaN -NaN
   267  4.972447E+06 -NaN -NaN
   268  4.972447E+06 -NaN -NaN
   269  4.972447E+06 -NaN -NaN
   270  4.972447E+06 -NaN -NaN
   271  4.972447E+06 -NaN -NaN
   272  4.972447E+06 -NaN -NaN
   273  4.972447E+06 -NaN -NaN
   274  4.972447E+06 -NaN -NaN
   275  4.972447E+06 -NaN -NaN
   276  4.972447E+06 -NaN -NaN
   277  4.972447E+06 -NaN -NaN
   278  4.972447E+06 -NaN -NaN
   279  4.972447E+06 -NaN -NaN
   280  4.972447E+06 -NaN -NaN
   281  4.972447E+06 -NaN -NaN
   282  4.972447E+06 -NaN -NaN
   283  4.972447E+06 -NaN -NaN
   284  4.972447E+06 -NaN -NaN
   285  4.972447E+06 -NaN -NaN
   286  4.972447E+06 -NaN -NaN
   287  4.972447E+06 -NaN -NaN
   288  4.972447E+06 -NaN -NaN
   289  4.972447E+06 -NaN -NaN
   290  4.972447E+06 -NaN -NaN
   291  4.972447E+06 -NaN -NaN
   292  4.972447E+06 -NaN -NaN
   293  4.972447E+06 -NaN -NaN
   294  4.972447E+06 -NaN -NaN
   295  4.972447E+06 -NaN -NaN
   296  4.972447E+06 -NaN -NaN
   297  4.972447E+06 -NaN -NaN
   298  4.972447E+06 -NaN -NaN
   299  4.972447E+06 -NaN -NaN
   300  4.972447E+06 -NaN -NaN
   301  4.972447E+06 -NaN -NaN
   302  4.972447E+06 -NaN -NaN
   303  4.972447E+06 -NaN -NaN
   304  4.972447E+06 -NaN -NaN
   305  4.972447E+06 -NaN -NaN
   306  4.972447E+06 -NaN -NaN
   307  4.972447E+06 -NaN -NaN
   308  4.972447E+06 -NaN -NaN
   309  4.972447E+06 -NaN -NaN
   310  4.972447E+06 -NaN -NaN
   311  4.972447E+06 -NaN -NaN
   312  4.972447E+06 -NaN -NaN
   313  4.972447E+06 -NaN -NaN
   314  4.972447E+06 -NaN -NaN
   315  4.972447E+06 -NaN -NaN
   316  4.972447E+06 -NaN -NaN
   317  4.972447E+06 -NaN -NaN
   318  4.972447E+06 -NaN -NaN
   319  4.972447E+06 -NaN -NaN
   320  4.972447E+06 -NaN -NaN
   321  4.972447E+06 -NaN -NaN
   322  4.972447E+06 -NaN -NaN
   323  4.972447E+06 -NaN -NaN
   324  4.972447E+06 -NaN -NaN
   325  4.972447E+06 -NaN -NaN
   326  4.972447E+06 -NaN -NaN
   327  4.972447E+06 -NaN -NaN
   328  4.972447E+06 -NaN -NaN
   329  4.972447E+06 -NaN -NaN
   330  4.972447E+06 -NaN -NaN
   331  4.972447E+06 -NaN -NaN
   332  4.972447E+06 -NaN -NaN
   333  4.972447E+06 -NaN -NaN
   334  4.972447E+06 -NaN -NaN
   335  4.972447E+06 -NaN -NaN
   336  4.972447E+06 -NaN -NaN
   337  4.972447E+06 -NaN -NaN
   338  4.972447E+06 -NaN -NaN
   339  4.972447E+06 -NaN -NaN
   340  4.972447E+06 -NaN -NaN
   341  4.972447E+06 -NaN -NaN
   342  4.972447E+06 -NaN -NaN
   343  4.972447E+06 -NaN -NaN
   344  4.972447E+06 -NaN -NaN
   345  4.972447E+06 -NaN -NaN
   346  4.972447E+06 -NaN -NaN
   347  4.972447E+06 -NaN -NaN
   348  4.972447E+06 -NaN -NaN
   349  4.972447E+06 -NaN -NaN
   350  4.972447E+06 -NaN -NaN
   351  4.972447E+06 -NaN -NaN
   352  4.972447E+06 -NaN -NaN
   353  4.972447E+06 -NaN -NaN
   354  4.972447E+06 -NaN -NaN
   355  4.972447E+06 -NaN -NaN
   356  4.972447E+06 -NaN -NaN
   357  4.972447E+06 -NaN -NaN
   358  4.972447E+06 -NaN -NaN
   359  4.972447E+06 -NaN -NaN
   360  4.972447E+06 -NaN -NaN
   361  4.972447E+06 -NaN -NaN
   362  4.972447E+06 -NaN -NaN
   363  4.972447E+06 -NaN -NaN
   364  4.972447E+06 -NaN -NaN
   365  4.972447E+06 -NaN -NaN
   366  4.972447E+06 -NaN -NaN
   367  4.972447E+06 -NaN -NaN
   368  4.972447E+06 -NaN -NaN
   369  4.972447E+06 -NaN -NaN
   370  4.972447E+06 -NaN -NaN
   371  4.972447E+06 -NaN -NaN
   372  4.972447E+06 -NaN -NaN
   373  4.972447E+06 -NaN -NaN
   374  4.972447E+06 -NaN -NaN
   375  4.972447E+06 -NaN -NaN
   376  4.972447E+06 -NaN -NaN
   377  4.972447E+06 -NaN -NaN
   378  4.972447E+06 -NaN -NaN
   379  4.972447E+06 -NaN -NaN
   380  4.972447E+06 -NaN -NaN
   381  4.972447E+06 -NaN -NaN
   382  4.972447E+06 -NaN -NaN
   383  4.972447E+06 -NaN -NaN
   384  4.972447E+06 -NaN -NaN
   385  4.972447E+06 -NaN -NaN
   386  4.972447E+06 -NaN -NaN
   387  4.972447E+06 -NaN -NaN
   388  4.972447E+06 -NaN -NaN
   389  4.972447E+06 -NaN -NaN
   390  4.972447E+06 -NaN -NaN
   391  4.972447E+06 -NaN -NaN
   392  4.972447E+06 -NaN -NaN
   393  4.972447E+06 -NaN -NaN
   394  4.972447E+06 -NaN -NaN
   395  4.972447E+06 -NaN -NaN
   396  4.972447E+06 -NaN -NaN
   397  4.972447E+06 -NaN -NaN
   398  4.972447E+06 -NaN -NaN
   399  4.972447E+06 -NaN -NaN
   400  4.972447E+06 -NaN -NaN
   401  4.972447E+06 -NaN -NaN
   402  4.972447E+06 -NaN -NaN
   403  4.972447E+06 -NaN -NaN
   404  4.972447E+06 -NaN -NaN
   405  4.972447E+06 -NaN -NaN
   406  4.972447E+06 -NaN -NaN
   407  4.972447E+06 -NaN -NaN
   408  4.972447E+06 -NaN -NaN
   409  4.972447E+06 -NaN -NaN
   410  4.972447E+06 -NaN -NaN
   411  4.972447E+06 -NaN -NaN
   412  4.972447E+06 -NaN -NaN
   413  4.972447E+06 -NaN -NaN
   414  4.972447E+06 -NaN -NaN
   415  4.972447E+06 -NaN -NaN
   416  4.972447E+06 -NaN -NaN
   417  4.972447E+06 -NaN -NaN
   418  4.972447E+06 -NaN -NaN
   419  4.972447E+06 -NaN -NaN
   420  4.972447E+06 -NaN -NaN
   421  4.972447E+06 -NaN -NaN
   422  4.972447E+06 -NaN -NaN
   423  4.972447E+06 -NaN -NaN
   424  4.972447E+06 -NaN -NaN
   425  4.972447E+06 -NaN -NaN
   426  4.972447E+06 -NaN -NaN
   427  4.972447E+06 -NaN -NaN
   428  4.972447E+06 -NaN -NaN
   429  4.972447E+06 -NaN -NaN
   430  4.972447E+06 -NaN -NaN
   431  4.972447E+06 -NaN -NaN
   432  4.972447E+06 -NaN -NaN
   433  4.972447E+06 -NaN -NaN
   434  4.972447E+06 -NaN -NaN
   435  4.972447E+06 -NaN -NaN
   436  4.972447E+06 -NaN -NaN
   437  4.972447E+06 -NaN -NaN
   438  4.972447E+06 -NaN -NaN
   439  4.972447E+06 -NaN -NaN
   440  4.972447E+06 -NaN -NaN
   441  4.972447E+06 -NaN -NaN
   442  4.972447E+06 -NaN -NaN
   443  4.972447E+06 -NaN -NaN
   444  4.972447E+06 -NaN -NaN
   445  4.972447E+06 -NaN -NaN
   446  4.972447E+06 -NaN -NaN
   447  4.972447E+06 -NaN -NaN
   448  4.972447E+06 -NaN -NaN
   449  4.972447E+06 -NaN -NaN
   450  4.972447E+06 -NaN -NaN
   451  4.972447E+06 -NaN -NaN
   452  4.972447E+06 -NaN -NaN
   453  4.972447E+06 -NaN -NaN
   454  4.972447E+06 -NaN -NaN
   455  4.972447E+06 -NaN -NaN
   456  4.972447E+06 -NaN -NaN
   457  4.972447E+06 -NaN -NaN
   458  4.972447E+06 -NaN -NaN
   459  4.972447E+06 -NaN -NaN
   460  4.972447E+06 -NaN -NaN
   461  4.972447E+06 -NaN -NaN
   462  4.972447E+06 -NaN -NaN
   463  4.972447E+06 -NaN -NaN
   464  4.972447E+06 -NaN -NaN
   465  4.972447E+06 -NaN -NaN
   466  4.972447E+06 -NaN -NaN
   467  4.972447E+06 -NaN -NaN
   468  4.972447E+06 -NaN -NaN
   469  4.972447E+06 -NaN -NaN
   470  4.972447E+06 -NaN -NaN
   471  4.972447E+06 -NaN -NaN
   472  4.972447E+06 -NaN -NaN
   473  4.972447E+06 -NaN -NaN
   474  4.972447E+06 -NaN -NaN
   475  4.972447E+06 -NaN -NaN
   476  4.972447E+06 -NaN -NaN
   477  4.972447E+06 -NaN -NaN
   478  4.972447E+06 -NaN -NaN
   479  4.972447E+06 -NaN -NaN
   480  4.972447E+06 -NaN -NaN
   481  4.972447E+06 -NaN -NaN
   482  4.972447E+06 -NaN -NaN
   483  4.972447E+06 -NaN -NaN
   484  4.972447E+06 -NaN -NaN
   485  4.972447E+06 -NaN -NaN
   486  4.972447E+06 -NaN -NaN
   487  4.972447E+06 -NaN -NaN
   488  4.972447E+06 -NaN -NaN
   489  4.972447E+06 -NaN -NaN
   490  4.972447E+06 -NaN -NaN
   491  4.972447E+06 -NaN -NaN
   492  4.972447E+06 -NaN -NaN
   493  4.972447E+06 -NaN -NaN
   494  4.972447E+06 -NaN -NaN
   495  4.972447E+06 -NaN -NaN
   496  4.972447E+06 -NaN -NaN
   497  4.972447E+06 -NaN -NaN
   498  4.972447E+06 -NaN -NaN
   499  4.972447E+06 -NaN -NaN
   500  4.972447E+06 -NaN -NaN
   501  4.972447E+06 -NaN -NaN
   502  4.972447E+06 -NaN -NaN
   503  4.972447E+06 -NaN -NaN
   504  4.972447E+06 -NaN -NaN
   505  4.972447E+06 -NaN -NaN
   506  4.972447E+06 -NaN -NaN
   507  4.972447E+06 -NaN -NaN
   508  4.972447E+06 -NaN -NaN
   509  4.972447E+06 -NaN -NaN
   510  4.972447E+06 -NaN -NaN
   511  4.972447E+06 -NaN -NaN
   512  4.972447E+06 -NaN -NaN
   513  4.972447E+06 -NaN -NaN
   514  4.972447E+06 -NaN -NaN
   515  4.972447E+06 -NaN -NaN
   516  4.972447E+06 -NaN -NaN
   517  4.972447E+06 -NaN -NaN
   518  4.972447E+06 -NaN -NaN
   519  4.972447E+06 -NaN -NaN
   520  4.972447E+06 -NaN -NaN
   521  4.972447E+06 -NaN -NaN
   522  4.972447E+06 -NaN -NaN
   523  4.972447E+06 -NaN -NaN
   524  4.972447E+06 -NaN -NaN
   525  4.972447E+06 -NaN -NaN
   526  4.972447E+06 -NaN -NaN
   527  4.972447E+06 -NaN -NaN
   528  4.972447E+06 -NaN -NaN
   529  4.972447E+06 -NaN -NaN
   530  4.972447E+06 -NaN -NaN
   531  4.972447E+06 -NaN -NaN
   532  4.972447E+06 -NaN -NaN
   533  4.972447E+06 -NaN -NaN
   534  4.972447E+06 -NaN -NaN
   535  4.972447E+06 -NaN -NaN
   536  4.972447E+06 -NaN -NaN
   537  4.972447E+06 -NaN -NaN
   538  4.972447E+06 -NaN -NaN
   539  4.972447E+06 -NaN -NaN
   540  4.972447E+06 -NaN -NaN
   541  4.972447E+06 -NaN -NaN
   542  4.972447E+06 -NaN -NaN
   543  4.972447E+06 -NaN -NaN
   544  4.972447E+06 -NaN -NaN
   545  4.972447E+06 -NaN -NaN
   546  4.972447E+06 -NaN -NaN
   547  4.972447E+06 -NaN -NaN
   548  4.972447E+06 -NaN -NaN
   549  4.972447E+06 -NaN -NaN
   550  4.972447E+06 -NaN -NaN
   551  4.972447E+06 -NaN -NaN
   552  4.972447E+06 -NaN -NaN
   553  4.972447E+06 -NaN -NaN
   554  4.972447E+06 -NaN -NaN
   555  4.972447E+06 -NaN -NaN
   556  4.972447E+06 -NaN -NaN
   557  4.972447E+06 -NaN -NaN
   558  4.972447E+06 -NaN -NaN
   559  4.972447E+06 -NaN -NaN
   560  4.972447E+06 -NaN -NaN
   561  4.972447E+06 -NaN -NaN
   562  4.972447E+06 -NaN -NaN
   563  4.972447E+06 -NaN -NaN
   564  4.972447E+06 -NaN -NaN
   565  4.972447E+06 -NaN -NaN
   566  4.972447E+06 -NaN -NaN
   567  4.972447E+06 -NaN -NaN
   568  4.972447E+06 -NaN -NaN
   569  4.972447E+06 -NaN -NaN
   570  4.972447E+06 -NaN -NaN
   571  4.972447E+06 -NaN -NaN
   572  4.972447E+06 -NaN -NaN
   573  4.972447E+06 -NaN -NaN
   574  4.972447E+06 -NaN -NaN
   575  4.972447E+06 -NaN -NaN
   576  4.972447E+06 -NaN -NaN
   577  4.972447E+06 -NaN -NaN
   578  4.972447E+06 -NaN -NaN
   579  4.972447E+06 -NaN -NaN
   580  4.972447E+06 -NaN -NaN
   581  4.972447E+06 -NaN -NaN
   582  4.972447E+06 -NaN -NaN
   583  4.972447E+06 -NaN -NaN
   584  4.972447E+06 -NaN -NaN
   585  4.972447E+06 -NaN -NaN
   586  4.972447E+06 -NaN -NaN
   587  4.972447E+06 -NaN -NaN
   588  4.972447E+06 -NaN -NaN
   589  4.972447E+06 -NaN -NaN
   590  4.972447E+06 -NaN -NaN
   591  4.972447E+06 -NaN -NaN
   592  4.972447E+06 -NaN -NaN
   593  4.972447E+06 -NaN -NaN
   594  4.972447E+06 -NaN -NaN
   595  4.972447E+06 -NaN -NaN
   596  4.972447E+06 -NaN -NaN
   597  4.972447E+06 -NaN -NaN
   598  4.972447E+06 -NaN -NaN
   599  4.972447E+06 -NaN -NaN
   600  4.972447E+06 -NaN -NaN
   601  4.972447E+06 -NaN -NaN
   602  4.972447E+06 -NaN -NaN
   603  4.972447E+06 -NaN -NaN
   604  4.972447E+06 -NaN -NaN
   605  4.972447E+06 -NaN -NaN
   606  4.972447E+06 -NaN -NaN
   607  4.972447E+06 -NaN -NaN
   608  4.972447E+06 -NaN -NaN
   609  4.972447E+06 -NaN -NaN
   610  4.972447E+06 -NaN -NaN
   611  4.972447E+06 -NaN -NaN
   612  4.972447E+06 -NaN -NaN
   613  4.972447E+06 -NaN -NaN
   614  4.972447E+06 -NaN -NaN
   615  4.972447E+06 -NaN -NaN
   616  4.972447E+06 -NaN -NaN
   617  4.972447E+06 -NaN -NaN
   618  4.972447E+06 -NaN -NaN
   619  4.972447E+06 -NaN -NaN
   620  4.972447E+06 -NaN -NaN
   621  4.972447E+06 -NaN -NaN
   622  4.972447E+06 -NaN -NaN
   623  4.972447E+06 -NaN -NaN
   624  4.972447E+06 -NaN -NaN
   625  4.972447E+06 -NaN -NaN
   626  4.972447E+06 -NaN -NaN
   627  4.972447E+06 -NaN -NaN
   628  4.972447E+06 -NaN -NaN
   629  4.972447E+06 -NaN -NaN
   630  4.972447E+06 -NaN -NaN
   631  4.972447E+06 -NaN -NaN
   632  4.972447E+06 -NaN -NaN
   633  4.972447E+06 -NaN -NaN
   634  4.972447E+06 -NaN -NaN
   635  4.972447E+06 -NaN -NaN
   636  4.972447E+06 -NaN -NaN
   637  4.972447E+06 -NaN -NaN
   638  4.972447E+06 -NaN -NaN
   639  4.972447E+06 -NaN -NaN
   640  4.972447E+06 -NaN -NaN
   641  4.972447E+06 -NaN -NaN
   642  4.972447E+06 -NaN -NaN
   643  4.972447E+06 -NaN -NaN
   644  4.972447E+06 -NaN -NaN
   645  4.972447E+06 -NaN -NaN
   646  4.972447E+06 -NaN -NaN
   647  4.972447E+06 -NaN -NaN
   648  4.972447E+06 -NaN -NaN
   649  4.972447E+06 -NaN -NaN
   650  4.972447E+06 -NaN -NaN
   651  4.972447E+06 -NaN -NaN
   652  4.972447E+06 -NaN -NaN
   653  4.972447E+06 -NaN -NaN
   654  4.972447E+06 -NaN -NaN
   655  4.972447E+06 -NaN -NaN
   656  4.972447E+06 -NaN -NaN
   657  4.972447E+06 -NaN -NaN
   658  4.972447E+06 -NaN -NaN
   659  4.972447E+06 -NaN -NaN
   660  4.972447E+06 -NaN -NaN
   661  4.972447E+06 -NaN -NaN
   662  4.972447E+06 -NaN -NaN
   663  4.972447E+06 -NaN -NaN
   664  4.972447E+06 -NaN -NaN
   665  4.972447E+06 -NaN -NaN
   666  4.972447E+06 -NaN -NaN
   667  4.972447E+06 -NaN -NaN
   668  4.972447E+06 -NaN -NaN
   669  4.972447E+06 -NaN -NaN
   670  4.972447E+06 -NaN -NaN
   671  4.972447E+06 -NaN -NaN
   672  4.972447E+06 -NaN -NaN
   673  4.972447E+06 -NaN -NaN
   674  4.972447E+06 -NaN -NaN
   675  4.972447E+06 -NaN -NaN
   676  4.972447E+06 -NaN -NaN
   677  4.972447E+06 -NaN -NaN
   678  4.972447E+06 -NaN -NaN
   679  4.972447E+06 -NaN -NaN
   680  4.972447E+06 -NaN -NaN
   681  4.972447E+06 -NaN -NaN
   682  4.972447E+06 -NaN -NaN
   683  4.972447E+06 -NaN -NaN
   684  4.972447E+06 -NaN -NaN
   685  4.972447E+06 -NaN -NaN
   686  4.972447E+06 -NaN -NaN
   687  4.972447E+06 -NaN -NaN
   688  4.972447E+06 -NaN -NaN
   689  4.972447E+06 -NaN -NaN
   690  4.972447E+06 -NaN -NaN
   691  4.972447E+06 -NaN -NaN
   692  4.972447E+06 -NaN -NaN
   693  4.972447E+06 -NaN -NaN
   694  4.972447E+06 -NaN -NaN
   695  4.972447E+06 -NaN -NaN
   696  4.972447E+06 -NaN -NaN
   697  4.972447E+06 -NaN -NaN
   698  4.972447E+06 -NaN -NaN
   699  4.972447E+06 -NaN -NaN
   700  4.972447E+06 -NaN -NaN
   701  4.972447E+06 -NaN -NaN
   702  4.972447E+06 -NaN -NaN
   703  4.972447E+06 -NaN -NaN
   704  4.972447E+06 -NaN -NaN
   705  4.972447E+06 -NaN -NaN
   706  4.972447E+06 -NaN -NaN
   707  4.972447E+06 -NaN -NaN
   708  4.972447E+06 -NaN -NaN
   709  4.972447E+06 -NaN -NaN
   710  4.972447E+06 -NaN -NaN
   711  4.972447E+06 -NaN -NaN
   712  4.972447E+06 -NaN -NaN
   713  4.972447E+06 -NaN -NaN
   714  4.972447E+06 -NaN -NaN
   715  4.972447E+06 -NaN -NaN
   716  4.972447E+06 -NaN -NaN
   717  4.972447E+06 -NaN -NaN
   718  4.972447E+06 -NaN -NaN
   719  4.972447E+06 -NaN -NaN
   720  4.972447E+06 -NaN -NaN
   721  4.972447E+06 -NaN -NaN
   722  4.972447E+06 -NaN -NaN
   723  4.972447E+06 -NaN -NaN
   724  4.972447E+06 -NaN -NaN
   725  4.972447E+06 -NaN -NaN
   726  4.972447E+06 -NaN -NaN
   727  4.972447E+06 -NaN -NaN
   728  4.972447E+06 -NaN -NaN
   729  4.972447E+06 -NaN -NaN
   730  4.972447E+06 -NaN -NaN
   731  4.972447E+06 -NaN -NaN
   732  4.972447E+06 -NaN -NaN
   733  4.972447E+06 -NaN -NaN
   734  4.972447E+06 -NaN -NaN
   735  4.972447E+06 -NaN -NaN
   736  4.972447E+06 -NaN -NaN
   737  4.972447E+06 -NaN -NaN
   738  4.972447E+06 -NaN -NaN
   739  4.972447E+06 -NaN -NaN
   740  4.972447E+06 -NaN -NaN
   741  4.972447E+06 -NaN -NaN
   742  4.972447E+06 -NaN -NaN
   743  4.972447E+06 -NaN -NaN
   744  4.972447E+06 -NaN -NaN
   745  4.972447E+06 -NaN -NaN
   746  4.972447E+06 -NaN -NaN
   747  4.972447E+06 -NaN -NaN
   748  4.972447E+06 -NaN -NaN
   749  4.972447E+06 -NaN -NaN
   750  4.972447E+06 -NaN -NaN
   751  4.972447E+06 -NaN -NaN
   752  4.972447E+06 -NaN -NaN
   753  4.972447E+06 -NaN -NaN
   754  4.972447E+06 -NaN -NaN
   755  4.972447E+06 -NaN -NaN
   756  4.972447E+06 -NaN -NaN
   757  4.972447E+06 -NaN -NaN
   758  4.972447E+06 -NaN -NaN
   759  4.972447E+06 -NaN -NaN
   760  4.972447E+06 -NaN -NaN
   761  4.972447E+06 -NaN -NaN
   762  4.972447E+06 -NaN -NaN
   763  4.972447E+06 -NaN -NaN
   764  4.972447E+06 -NaN -NaN
   765  4.972447E+06 -NaN -NaN
   766  4.972447E+06 -NaN -NaN
   767  4.972447E+06 -NaN -NaN
   768  4.972447E+06 -NaN -NaN
   769  4.972447E+06 -NaN -NaN
   770  4.972447E+06 -NaN -NaN
   771  4.972447E+06 -NaN -NaN
   772  4.972447E+06 -NaN -NaN
   773  4.972447E+06 -NaN -NaN
   774  4.972447E+06 -NaN -NaN
   775  4.972447E+06 -NaN -NaN
   776  4.972447E+06 -NaN -NaN
   777  4.972447E+06 -NaN -NaN
   778  4.972447E+06 -NaN -NaN
   779  4.972447E+06 -NaN -NaN
   780  4.972447E+06 -NaN -NaN
   781  4.972447E+06 -NaN -NaN
   782  4.972447E+06 -NaN -NaN
   783  4.972447E+06 -NaN -NaN
   784  4.972447E+06 -NaN -NaN
   785  4.972447E+06 -NaN -NaN
   786  4.972447E+06 -NaN -NaN
   787  4.972447E+06 -NaN -NaN
   788  4.972447E+06 -NaN -NaN
   789  4.972447E+06 -NaN -NaN
   790  4.972447E+06 -NaN -NaN
   791  4.972447E+06 -NaN -NaN
   792  4.972447E+06 -NaN -NaN
   793  4.972447E+06 -NaN -NaN
   794  4.972447E+06 -NaN -NaN
   795  4.972447E+06 -NaN -NaN
   796  4.972447E+06 -NaN -NaN
   797  4.972447E+06 -NaN -NaN
   798  4.972447E+06 -NaN -NaN
   799  4.972447E+06 -NaN -NaN
   800  4.972447E+06 -NaN -NaN
   801  4.972447E+06 -NaN -NaN
   802  4.972447E+06 -NaN -NaN
   803  4.972447E+06 -NaN -NaN
   804  4.972447E+06 -NaN -NaN
   805  4.972447E+06 -NaN -NaN
   806  4.972447E+06 -NaN -NaN
   807  4.972447E+06 -NaN -NaN
   808  4.972447E+06 -NaN -NaN
   809  4.972447E+06 -NaN -NaN
   810  4.972447E+06 -NaN -NaN
   811  4.972447E+06 -NaN -NaN
   812  4.972447E+06 -NaN -NaN
   813  4.972447E+06 -NaN -NaN
   814  4.972447E+06 -NaN -NaN
   815  4.972447E+06 -NaN -NaN
   816  4.972447E+06 -NaN -NaN
   817  4.972447E+06 -NaN -NaN
   818  4.972447E+06 -NaN -NaN
   819  4.972447E+06 -NaN -NaN
   820  4.972447E+06 -NaN -NaN
   821  4.972447E+06 -NaN -NaN
   822  4.972447E+06 -NaN -NaN
   823  4.972447E+06 -NaN -NaN
   824  4.972447E+06 -NaN -NaN
   825  4.972447E+06 -NaN -NaN
   826  4.972447E+06 -NaN -NaN
   827  4.972447E+06 -NaN -NaN
   828  4.972447E+06 -NaN -NaN
   829  4.972447E+06 -NaN -NaN
   830  4.972447E+06 -NaN -NaN
   831  4.972447E+06 -NaN -NaN
   832  4.972447E+06 -NaN -NaN
   833  4.972447E+06 -NaN -NaN
   834  4.972447E+06 -NaN -NaN
   835  4.972447E+06 -NaN -NaN
   836  4.972447E+06 -NaN -NaN
   837  4.972447E+06 -NaN -NaN
   838  4.972447E+06 -NaN -NaN
   839  4.972447E+06 -NaN -NaN
   840  4.972447E+06 -NaN -NaN
   841  4.972447E+06 -NaN -NaN
   842  4.972447E+06 -NaN -NaN
   843  4.972447E+06 -NaN -NaN
   844  4.972447E+06 -NaN -NaN
   845  4.972447E+06 -NaN -NaN
   846  4.972447E+06 -NaN -NaN
   847  4.972447E+06 -NaN -NaN
   848  4.972447E+06 -NaN -NaN
   849  4.972447E+06 -NaN -NaN
   850  4.972447E+06 -NaN -NaN
   851  4.972447E+06 -NaN -NaN
   852  4.972447E+06 -NaN -NaN
   853  4.972447E+06 -NaN -NaN
   854  4.972447E+06 -NaN -NaN
   855  4.972447E+06 -NaN -NaN
   856  4.972447E+06 -NaN -NaN
   857  4.972447E+06 -NaN -NaN
   858  4.972447E+06 -NaN -NaN
   859  4.972447E+06 -NaN -NaN
   860  4.972447E+06 -NaN -NaN
   861  4.972447E+06 -NaN -NaN
   862  4.972447E+06 -NaN -NaN
   863  4.972447E+06 -NaN -NaN
   864  4.972447E+06 -NaN -NaN
   865  4.972447E+06 -NaN -NaN
   866  4.972447E+06 -NaN -NaN
   867  4.972447E+06 -NaN -NaN
   868  4.972447E+06 -NaN -NaN
   869  4.972447E+06 -NaN -NaN
   870  4.972447E+06 -NaN -NaN
   871  4.972447E+06 -NaN -NaN
   872  4.972447E+06 -NaN -NaN
   873  4.972447E+06 -NaN -NaN
   874  4.972447E+06 -NaN -NaN
   875  4.972447E+06 -NaN -NaN
   876  4.972447E+06 -NaN -NaN
   877  4.972447E+06 -NaN -NaN
   878  4.972447E+06 -NaN -NaN
   879  4.972447E+06 -NaN -NaN
   880  4.972447E+06 -NaN -NaN
   881  4.972447E+06 -NaN -NaN
   882  4.972447E+06 -NaN -NaN
   883  4.972447E+06 -NaN -NaN
   884  4.972447E+06 -NaN -NaN
   885  4.972447E+06 -NaN -NaN
   886  4.972447E+06 -NaN -NaN
   887  4.972447E+06 -NaN -NaN
   888  4.972447E+06 -NaN -NaN
   889  4.972447E+06 -NaN -NaN
   890  4.972447E+06 -NaN -NaN
   891  4.972447E+06 -NaN -NaN
   892  4.972447E+06 -NaN -NaN
   893  4.972447E+06 -NaN -NaN
   894  4.972447E+06 -NaN -NaN
   895  4.972447E+06 -NaN -NaN
   896  4.972447E+06 -NaN -NaN
   897  4.972447E+06 -NaN -NaN
   898  4.972447E+06 -NaN -NaN
   899  4.972447E+06 -NaN -NaN
   900  4.972447E+06 -NaN -NaN
   901  4.972447E+06 -NaN -NaN
   902  4.972447E+06 -NaN -NaN
   903  4.972447E+06 -NaN -NaN
   904  4.972447E+06 -NaN -NaN
   905  4.972447E+06 -NaN -NaN
   906  4.972447E+06 -NaN -NaN
   907  4.972447E+06 -NaN -NaN
   908  4.972447E+06 -NaN -NaN
   909  4.972447E+06 -NaN -NaN
   910  4.972447E+06 -NaN -NaN
   911  4.972447E+06 -NaN -NaN
   912  4.972447E+06 -NaN -NaN
   913  4.972447E+06 -NaN -NaN
   914  4.972447E+06 -NaN -NaN
   915  4.972447E+06 -NaN -NaN
   916  4.972447E+06 -NaN -NaN
   917  4.972447E+06 -NaN -NaN
   918  4.972447E+06 -NaN -NaN
   919  4.972447E+06 -NaN -NaN
   920  4.972447E+06 -NaN -NaN
   921  4.972447E+06 -NaN -NaN
   922  4.972447E+06 -NaN -NaN
   923  4.972447E+06 -NaN -NaN
   924  4.972447E+06 -NaN -NaN
   925  4.972447E+06 -NaN -NaN
   926  4.972447E+06 -NaN -NaN
   927  4.972447E+06 -NaN -NaN
   928  4.972447E+06 -NaN -NaN
   929  4.972447E+06 -NaN -NaN
   930  4.972447E+06 -NaN -NaN
   931  4.972447E+06 -NaN -NaN
   932  4.972447E+06 -NaN -NaN
   933  4.972447E+06 -NaN -NaN
   934  4.972447E+06 -NaN -NaN
   935  4.972447E+06 -NaN -NaN
   936  4.972447E+06 -NaN -NaN
   937  4.972447E+06 -NaN -NaN
   938  4.972447E+06 -NaN -NaN
   939  4.972447E+06 -NaN -NaN
   940  4.972447E+06 -NaN -NaN
   941  4.972447E+06 -NaN -NaN
   942  4.972447E+06 -NaN -NaN
   943  4.972447E+06 -NaN -NaN
   944  4.972447E+06 -NaN -NaN
   945  4.972447E+06 -NaN -NaN
   946  4.972447E+06 -NaN -NaN
   947  4.972447E+06 -NaN -NaN
   948  4.972447E+06 -NaN -NaN
   949  4.972447E+06 -NaN -NaN
   950  4.972447E+06 -NaN -NaN
   951  4.972447E+06 -NaN -NaN
   952  4.972447E+06 -NaN -NaN
   953  4.972447E+06 -NaN -NaN
   954  4.972447E+06 -NaN -NaN
   955  4.972447E+06 -NaN -NaN
   956  4.972447E+06 -NaN -NaN
   957  4.972447E+06 -NaN -NaN
   958  4.972447E+06 -NaN -NaN
   959  4.972447E+06 -NaN -NaN
   960  4.972447E+06 -NaN -NaN
   961  4.972447E+06 -NaN -NaN
   962  4.972447E+06 -NaN -NaN
   963  4.972447E+06 -NaN -NaN
   964  4.972447E+06 -NaN -NaN
   965  4.972447E+06 -NaN -NaN
   966  4.972447E+06 -NaN -NaN
   967  4.972447E+06 -NaN -NaN
   968  4.972447E+06 -NaN -NaN
   969  4.972447E+06 -NaN -NaN
   970  4.972447E+06 -NaN -NaN
   971  4.972447E+06 -NaN -NaN
   972  4.972447E+06 -NaN -NaN
   973  4.972447E+06 -NaN -NaN
   974  4.972447E+06 -NaN -NaN
   975  4.972447E+06 -NaN -NaN
   976  4.972447E+06 -NaN -NaN
   977  4.972447E+06 -NaN -NaN
   978  4.972447E+06 -NaN -NaN
   979  4.972447E+06 -NaN -NaN
   980  4.972447E+06 -NaN -NaN
   981  4.972447E+06 -NaN -NaN
   982  4.972447E+06 -NaN -NaN
   983  4.972447E+06 -NaN -NaN
   984  4.972447E+06 -NaN -NaN
   985  4.972447E+06 -NaN -NaN
   986  4.972447E+06 -NaN -NaN
   987  4.972447E+06 -NaN -NaN
   988  4.972447E+06 -NaN -NaN
   989  4.972447E+06 -NaN -NaN
   990  4.972447E+06 -NaN -NaN
   991  4.972447E+06 -NaN -NaN
   992  4.972447E+06 -NaN -NaN
   993  4.972447E+06 -NaN -NaN
   994  4.972447E+06 -NaN -NaN
   995  4.972447E+06 -NaN -NaN
   996  4.972447E+06 -NaN -NaN
   997  4.972447E+06 -NaN -NaN
   998  4.972447E+06 -NaN -NaN
   999  4.972447E+06 -NaN -NaN
   1000  4.972447E+06 -NaN -NaN
