   0  723132.  133708.  3541.83
   1  723132.  133682.  3541.08
   2  723132.  133659.  3540.31
   3  723132.  133633.  3539.60
   4  723132.  133607.  3538.94
   5  723132.  133582.  3538.25
   6  723132.  133557.  3537.57
   7  723132.  133533.  3536.92
   8  723132.  133507.  3536.28
   9  723132.  133481.  3535.68
   10  723132.  133459.  3535.07
   11  723132.  133431.  3534.51
   12  723132.  133405.  3533.96
   13  723132.  133379.  3533.41
   14  723132.  133354.  3532.89
   15  723132.  133329.  3532.38
   16  723132.  133303.  3531.91
   17  723132.  133276.  3531.49
   18  723132.  133252.  3531.04
   19  723132.  133226.  3530.58
   20  723132.  133197.  3530.22
   21  723132.  133172.  3529.86
   22  723132.  133148.  3529.43
   23  723132.  133122.  3529.12
   24  723132.  133096.  3528.75
   25  723132.  133070.  3528.49
   26  723132.  133044.  3528.18
   27  723132.  133016.  3527.90
   28  723132.  132990.  3527.71
   29  723132.  132963.  3527.46
   30  723132.  132936.  3527.25
   31  723132.  132911.  3527.07
   32  723132.  132883.  3527.03
   33  723132.  132859.  3526.79
   34  723132.  132830.  3526.76
   35  723132.  132805.  3526.60
   36  723132.  132775.  3526.54
   37  723132.  132750.  3526.49
   38  723132.  132724.  3526.46
   39  723132.  132696.  3526.52
   40  723132.  132669.  3526.52
   41  723132.  132642.  3526.59
   42  723132.  132615.  3526.59
   43  723132.  132588.  3526.75
   44  723132.  132560.  3526.87
   45  723132.  132531.  3527.00
   46  723132.  132506.  3527.19
   47  723132.  132477.  3527.36
   48  723132.  132453.  3527.50
   49  723132.  132422.  3527.84
   50  723132.  132395.  3528.24
   51  723132.  132368.  3528.42
   52  723132.  132341.  3528.69
   53  723132.  132310.  3529.00
   54  723132.  132285.  3529.31
   55  723132.  132255.  3529.95
   56  723132.  132230.  3530.09
   57  723132.  132199.  3530.67
   58  723132.  132172.  3531.05
   59  723132.  132142.  3531.71
   60  723132.  132114.  3532.21
   61  723132.  132086.  3532.77
   62  723132.  132059.  3533.15
   63  723132.  132028.  3534.04
   64  723132.  132002.  3534.38
   65  723132.  131975.  3535.08
   66  723132.  131944.  3535.90
   67  723132.  131915.  3536.60
   68  723132.  131885.  3537.50
   69  723132.  131859.  3538.11
   70  723132.  131828.  3539.04
   71  723132.  131800.  3539.74
   72  723132.  131771.  3540.67
   73  723132.  131741.  3541.53
   74  723132.  131714.  3542.44
   75  723132.  131683.  3543.46
   76  723132.  131653.  3544.40
   77  723132.  131623.  3545.44
   78  723132.  131594.  3546.46
   79  723132.  131564.  3547.70
   80  723132.  131535.  3548.58
   81  723132.  131507.  3549.63
   82  723132.  131477.  3550.78
   83  723132.  131447.  3552.19
   84  723132.  131417.  3553.32
   85  723132.  131384.  3554.76
   86  723132.  131355.  3556.03
   87  723132.  131325.  3557.51
   88  723132.  131295.  3558.79
   89  723132.  131266.  3560.20
   90  723132.  131237.  3561.49
   91  723132.  131206.  3563.03
   92  723132.  131174.  3564.58
   93  723132.  131144.  3565.99
   94  723132.  131112.  3567.84
   95  723132.  131081.  3569.38
   96  723132.  131050.  3570.94
   97  723132.  131021.  3572.69
   98  723132.  130990.  3574.27
   99  723132.  130960.  3576.32
   100  723132.  130927.  3577.87
   101  723132.  130895.  3579.94
   102  723132.  130864.  3581.40
   103  723132.  130833.  3583.75
   104  723132.  130802.  3585.75
   105  723132.  130771.  3587.60
   106  723132.  130739.  3589.48
   107  723132.  130711.  3591.40
   108  723132.  130675.  3593.66
   109  723132.  130644.  3596.02
   110  723132.  130615.  3597.85
   111  723132.  130580.  3600.40
   112  723132.  130546.  3602.81
   113  723132.  130517.  3604.85
   114  723132.  130483.  3607.26
   115  723132.  130452.  3609.73
   116  723132.  130420.  3612.15
   117  723132.  130387.  3614.67
   118  723132.  130356.  3616.78
   119  723132.  130322.  3619.69
   120  723132.  130289.  3622.29
   121  723132.  130255.  3625.19
   122  723132.  130225.  3627.37
   123  723132.  130190.  3630.23
   124  723132.  130158.  3633.21
   125  723132.  130126.  3635.79
   126  723132.  130093.  3638.75
   127  723132.  130061.  3641.60
   128  723132.  130025.  3644.71
   129  723132.  129991.  3647.88
   130  723132.  129957.  3650.92
   131  723132.  129924.  3653.92
   132  723132.  129892.  3656.87
   133  723132.  129860.  3660.09
   134  723132.  129823.  3663.66
   135  723132.  129790.  3666.89
   136  723132.  129756.  3670.08
   137  723132.  129722.  3673.74
   138  723132.  129688.  3677.04
   139  723132.  129652.  3680.76
   140  723132.  129620.  3683.76
   141  723132.  129585.  3687.72
   142  723132.  129550.  3691.42
   143  723132.  129517.  3694.71
   144  723132.  129482.  3698.72
   145  723132.  129447.  3702.56
   146  723132.  129410.  3706.60
   147  723132.  129377.  3710.41
   148  723132.  129341.  3714.58
   149  723132.  129304.  3718.73
   150  723132.  129271.  3722.39
   151  723132.  129236.  3726.62
   152  723132.  129201.  3730.68
   153  723132.  129167.  3734.99
   154  723132.  129127.  3739.86
   155  723132.  129093.  3744.13
   156  723132.  129056.  3748.52
   157  723132.  129023.  3752.68
   158  723132.  128987.  3757.37
   159  723132.  128950.  3762.06
   160  723132.  128914.  3766.67
   161  723132.  128879.  3771.09
   162  723132.  128844.  3775.83
   163  723132.  128806.  3781.22
   164  723132.  128767.  3786.30
   165  723132.  128732.  3790.99
   166  723132.  128694.  3796.28
   167  723132.  128657.  3801.49
   168  723132.  128620.  3806.41
   169  723132.  128585.  3811.66
   170  723132.  128549.  3816.87
   171  723132.  128510.  3822.52
   172  723132.  128470.  3827.93
   173  723132.  128435.  3833.30
   174  723132.  128395.  3839.22
   175  723132.  128359.  3844.69
   176  723132.  128321.  3850.24
   177  723132.  128283.  3856.48
   178  723132.  128247.  3861.61
   179  723132.  128207.  3867.94
   180  723132.  128170.  3873.62
   181  723132.  128129.  3880.21
   182  723132.  128093.  3886.03
   183  723132.  128054.  3892.27
   184  723132.  128017.  3898.43
   185  723132.  127978.  3904.83
   186  723132.  127939.  3911.25
   187  723132.  127900.  3917.55
   188  723132.  127863.  3923.81
   189  723132.  127819.  3931.72
   190  723132.  127781.  3938.05
   191  723132.  127743.  3945.01
   192  723132.  127704.  3951.68
   193  723132.  127664.  3958.59
   194  723132.  127625.  3965.40
   195  723132.  127585.  3973.03
   196  723132.  127546.  3979.87
   197  723132.  127505.  3987.72
   198  723132.  127464.  3995.25
   199  723132.  127424.  4002.79
   200  723132.  127384.  4010.11
   201  723132.  127343.  4017.91
   202  723132.  127302.  4025.36
   203  723132.  127263.  4033.41
   204  723132.  127222.  4040.96
   205  723132.  127180.  4049.74
   206  723132.  127139.  4057.50
   207  723132.  127096.  4065.40
   208  723132.  127056.  4074.07
   209  723132.  127014.  4082.57
   210  723132.  126974.  4090.85
   211  723132.  126933.  4098.72
   212  723132.  126890.  4107.98
   213  723132.  126851.  4115.84
   214  723132.  126806.  4125.26
   215  723132.  126764.  4134.62
   216  723132.  126721.  4143.81
   217  723132.  126681.  4152.42
   218  723132.  126637.  4162.00
   219  723132.  126595.  4171.06
   220  723132.  126552.  4180.57
   221  723132.  126509.  4190.14
   222  723132.  126467.  4199.58
   223  723132.  126425.  4209.61
   224  723132.  126379.  4219.81
   225  723132.  126337.  4229.48
   226  723132.  126294.  4239.36
   227  723132.  126249.  4249.68
   228  723132.  126207.  4259.30
   229  723132.  126163.  4269.97
   230  723132.  126117.  4280.87
   231  723132.  126075.  4290.91
   232  723132.  126029.  4301.78
   233  723132.  125984.  4313.13
   234  723132.  125941.  4323.82
   235  723132.  125895.  4335.01
   236  723132.  125851.  4346.33
   237  723132.  125807.  4357.64
   238  723132.  125761.  4368.68
   239  723132.  125717.  4380.04
   240  723132.  125670.  4392.31
   241  723132.  125624.  4403.91
   242  723132.  125577.  4416.23
   243  723132.  125531.  4428.56
   244  723132.  125488.  4440.27
   245  723132.  125442.  4452.44
   246  723132.  125394.  4465.36
   247  723132.  125349.  4477.23
   248  723132.  125303.  4489.79
   249  723132.  125256.  4503.24
   250  723132.  125207.  4516.25
   251  723132.  125160.  4529.21
   252  723132.  125113.  4543.14
   253  723132.  125069.  4555.63
   254  723132.  125019.  4569.55
   255  723132.  124972.  4583.44
   256  723132.  124926.  4596.48
   257  723132.  124876.  4611.47
   258  723132.  124826.  4625.35
   259  723132.  124780.  4639.44
   260  723132.  124732.  4654.19
   261  723132.  124682.  4668.55
   262  723132.  124634.  4683.29
   263  723132.  124588.  4697.79
   264  723132.  124537.  4712.79
   265  723132.  124489.  4727.81
   266  723132.  124438.  4743.72
   267  723132.  124390.  4758.39
   268  723132.  124340.  4774.30
   269  723132.  124288.  4790.88
   270  723132.  124240.  4805.49
   271  723132.  124190.  4822.48
   272  723132.  124141.  4837.84
   273  723132.  124090.  4854.32
   274  723132.  124039.  4871.34
   275  723132.  123988.  4888.45
   276  723132.  123937.  4905.63
   277  723132.  123885.  4922.71
   278  723132.  123834.  4939.71
   279  723132.  123782.  4957.26
   280  723132.  123734.  4974.06
   281  723132.  123679.  4992.51
   282  723132.  123630.  5010.36
   283  723132.  123574.  5029.13
   284  723132.  123524.  5047.40
   285  723132.  123469.  5067.01
   286  723132.  123419.  5084.72
   287  723132.  123365.  5103.88
   288  723132.  123312.  5123.66
   289  723132.  123261.  5141.48
   290  723132.  123206.  5161.57
   291  723132.  123153.  5181.66
   292  723132.  123098.  5201.63
   293  723132.  123046.  5220.97
   294  723132.  122990.  5242.65
   295  723132.  122937.  5262.04
   296  723132.  122880.  5283.78
   297  723132.  122827.  5304.43
   298  723132.  122773.  5325.43
   299  723132.  122717.  5346.75
   300  723132.  122663.  5367.91
   301  723132.  122608.  5390.16
   302  723132.  122553.  5411.38
   303  723132.  122496.  5433.67
   304  723132.  122439.  5457.25
   305  723132.  122383.  5480.22
   306  723132.  122325.  5503.46
   307  723132.  122271.  5525.34
   308  723132.  122215.  5549.21
   309  723132.  122155.  5574.09
   310  723132.  122100.  5596.29
   311  723132.  122043.  5620.74
   312  723132.  121983.  5645.57
   313  723132.  121925.  5670.68
   314  723132.  121869.  5695.10
   315  723132.  121810.  5720.09
   316  723132.  121751.  5746.61
   317  723132.  121693.  5771.75
   318  723132.  121633.  5798.45
   319  723132.  121576.  5823.80
   320  723132.  121515.  5850.25
   321  723132.  121456.  5877.23
   322  723132.  121395.  5904.93
   323  723132.  121337.  5932.18
   324  723132.  121276.  5959.42
   325  723132.  121216.  5987.07
   326  723132.  121154.  6016.09
   327  723132.  121094.  6044.28
   328  723132.  121033.  6072.19
   329  723132.  120971.  6101.29
   330  723132.  120910.  6131.14
   331  723132.  120847.  6161.97
   332  723132.  120785.  6191.15
   333  723132.  120724.  6220.85
   334  723132.  120661.  6252.21
   335  723132.  120600.  6281.78
   336  723132.  120534.  6313.80
   337  723132.  120473.  6345.11
   338  723132.  120410.  6376.42
   339  723132.  120345.  6409.80
   340  723132.  120280.  6442.11
   341  723132.  120217.  6474.77
   342  723132.  120154.  6507.38
   343  723132.  120087.  6541.64
   344  723132.  120024.  6574.69
   345  723132.  119958.  6609.89
   346  723132.  119892.  6644.46
   347  723132.  119827.  6678.42
   348  723132.  119760.  6715.75
   349  723132.  119696.  6749.56
   350  723132.  119628.  6786.62
   351  723132.  119561.  6822.58
   352  723132.  119494.  6859.51
   353  723132.  119426.  6896.76
   354  723132.  119362.  6933.53
   355  723132.  119291.  6972.32
   356  723132.  119222.  7012.45
   357  723132.  119156.  7048.89
   358  723132.  119086.  7088.62
   359  723132.  119017.  7128.22
   360  723132.  118949.  7168.07
   361  723132.  118880.  7208.80
   362  723132.  118810.  7248.75
   363  723132.  118739.  7290.63
   364  723132.  118669.  7332.63
   365  723132.  118596.  7376.86
   366  723132.  118527.  7417.78
   367  723132.  118455.  7461.89
   368  723132.  118383.  7504.09
   369  723132.  118314.  7547.34
   370  723132.  118240.  7592.66
   371  723132.  118168.  7637.77
   372  723132.  118096.  7682.66
   373  723132.  118021.  7729.58
   374  723132.  117947.  7776.75
   375  723132.  117876.  7821.68
   376  723132.  117801.  7870.55
   377  723132.  117726.  7917.99
   378  723132.  117653.  7965.55
   379  723132.  117577.  8014.34
   380  723132.  117503.  8065.62
   381  723132.  117426.  8114.42
   382  723132.  117349.  8167.00
   383  723132.  117274.  8216.20
   384  723132.  117199.  8268.46
   385  723132.  117121.  8320.38
   386  723132.  117044.  8373.38
   387  723132.  116967.  8424.67
   388  723132.  116887.  8481.41
   389  723132.  116810.  8534.80
   390  723132.  116730.  8590.61
   391  723132.  116652.  8646.54
   392  723132.  116573.  8701.42
   393  723132.  116494.  8757.96
   394  723132.  116412.  8816.17
   395  723132.  116335.  8873.59
   396  723132.  116251.  8933.88
   397  723132.  116171.  8992.10
   398  723132.  116089.  9053.78
   399  723132.  116007.  9113.85
   400  723132.  115927.  9174.08
   401  723132.  115843.  9237.68
   402  723132.  115761.  9300.13
   403  723132.  115677.  9363.23
   404  723132.  115593.  9426.50
   405  723132.  115508.  9494.55
   406  723132.  115424.  9558.44
   407  723132.  115340.  9625.47
   408  723132.  115254.  9692.19
   409  723132.  115170.  9759.57
   410  723132.  115080.  9831.87
   411  723132.  114996.  9898.33
   412  723132.  114909.  9968.92
   413  723132.  114820.  10040.6
   414  723132.  114733.  10112.4
   415  723132.  114645.  10185.0
   416  723132.  114556.  10259.1
   417  723132.  114468.  10332.1
   418  723132.  114378.  10407.9
   419  723132.  114288.  10483.8
   420  723132.  114199.  10560.2
   421  723132.  114106.  10641.0
   422  723132.  114015.  10719.4
   423  723132.  113924.  10798.9
   424  723132.  113832.  10878.3
   425  723132.  113740.  10958.5
   426  723132.  113646.  11041.3
   427  723132.  113552.  11125.3
   428  723132.  113459.  11210.4
   429  723132.  113365.  11295.1
   430  723132.  113269.  11383.7
   431  723132.  113172.  11470.2
   432  723132.  113078.  11558.9
   433  723132.  112981.  11647.4
   434  723132.  112885.  11738.6
   435  723132.  112787.  11831.6
   436  723132.  112690.  11922.2
   437  723132.  112593.  12013.3
   438  723132.  112492.  12113.1
   439  723132.  112392.  12207.0
   440  723132.  112291.  12305.4
   441  723132.  112192.  12402.7
   442  723132.  112091.  12503.8
   443  723132.  111991.  12602.6
   444  723132.  111887.  12706.4
   445  723132.  111786.  12808.4
   446  723132.  111682.  12913.9
   447  723132.  111578.  13020.1
   448  723132.  111472.  13128.3
   449  723132.  111369.  13235.3
   450  723132.  111264.  13345.4
   451  723132.  111158.  13455.8
   452  723132.  111053.  13567.3
   453  723132.  110944.  13683.3
   454  723132.  110837.  13797.1
   455  723132.  110729.  13914.1
   456  723132.  110619.  14034.3
   457  723132.  110510.  14153.0
   458  723132.  110399.  14275.1
   459  723132.  110288.  14397.4
   460  723132.  110178.  14519.5
   461  723132.  110066.  14647.6
   462  723132.  109953.  14772.7
   463  723132.  109840.  14903.3
   464  723132.  109725.  15034.7
   465  723132.  109610.  15166.7
   466  723132.  109496.  15299.7
   467  723132.  109378.  15437.0
   468  723132.  109265.  15573.5
   469  723132.  109146.  15712.6
   470  723132.  109028.  15854.8
   471  723132.  108910.  15996.9
   472  723132.  108791.  16140.8
   473  723132.  108670.  16290.9
   474  723132.  108549.  16437.3
   475  723132.  108428.  16588.3
   476  723132.  108306.  16741.1
   477  723132.  108184.  16894.8
   478  723132.  108059.  17053.5
   479  723132.  107936.  17209.9
   480  723132.  107812.  17368.8
   481  723132.  107684.  17536.4
   482  723132.  107557.  17699.9
   483  723132.  107429.  17868.5
   484  723132.  107301.  18039.3
   485  723132.  107173.  18209.2
   486  723132.  107044.  18382.5
   487  723132.  106913.  18559.0
   488  723132.  106781.  18741.8
   489  723132.  106649.  18921.4
   490  723132.  106515.  19105.0
   491  723132.  106381.  19292.3
   492  723132.  106244.  19483.3
   493  723132.  106111.  19671.0
   494  723132.  105974.  19869.3
   495  723132.  105838.  20064.1
   496  723132.  105699.  20264.7
   497  723132.  105560.  20467.2
   498  723132.  105419.  20673.9
   499  723132.  105278.  20882.5
   500  723132.  105136.  21096.3
   501  723132.  104993.  21311.3
   502  723132.  104849.  21525.4
   503  723132.  104704.  21747.7
   504  723132.  104559.  21969.2
   505  723132.  104411.  22198.9
   506  723132.  104263.  22429.3
   507  723132.  104115.  22665.1
   508  723132.  103963.  22904.3
   509  723132.  103813.  23145.0
   510  723132.  103663.  23386.5
   511  723132.  103507.  23640.4
   512  723132.  103354.  23888.4
   513  723132.  103200.  24142.9
   514  723132.  103043.  24404.8
   515  723132.  102887.  24666.3
   516  723132.  102727.  24935.0
   517  723132.  102567.  25203.5
   518  723132.  102407.  25482.7
   519  723132.  102244.  25762.8
   520  723132.  102081.  26049.6
   521  723132.  101918.  26334.8
   522  723132.  101753.  26626.3
   523  723132.  101585.  26926.2
   524  723132.  101418.  27226.6
   525  723132.  101249.  27534.9
   526  723132.  101077.  27848.6
   527  723132.  100905.  28165.4
   528  723132.  100732.  28486.1
   529  723132.  100558.  28813.6
   530  723132.  100382.  29148.8
   531  723132.  100206.  29483.0
   532  723132.  100027.  29827.6
   533  723132.  99847.9  30174.8
   534  723132.  99666.2  30530.3
   535  723132.  99483.0  30892.4
   536  723132.  99298.4  31257.7
   537  723132.  99113.6  31627.3
   538  723132.  98926.8  32006.9
   539  723132.  98738.5  32390.0
   540  723132.  98549.0  32783.7
   541  723132.  98356.7  33182.7
   542  723132.  98165.3  33583.6
   543  723132.  97970.1  33997.6
   544  723132.  97772.0  34420.6
   545  723132.  97575.4  34843.2
   546  723132.  97375.8  35277.9
   547  723132.  97176.4  35712.0
   548  723132.  96971.9  36166.6
   549  723132.  96768.4  36623.2
   550  723132.  96562.8  37082.7
   551  723132.  96354.0  37560.0
   552  723132.  96144.3  38039.1
   553  723132.  95932.5  38526.6
   554  723132.  95717.3  39029.7
   555  723132.  95504.1  39536.1
   556  723132.  95287.8  40051.9
   557  723132.  95067.6  40577.1
   558  723132.  94847.6  41110.8
   559  723132.  94623.8  41661.3
   560  723132.  94399.0  42216.9
   561  723132.  94171.4  42785.3
   562  723132.  93943.0  43360.8
   563  723132.  93712.7  43946.1
   564  723132.  93479.0  44545.9
   565  723132.  93243.3  45154.5
   566  723132.  93006.6  45774.9
   567  723132.  92766.7  46410.0
   568  723132.  92525.9  47055.0
   569  723132.  92281.3  47717.0
   570  723132.  92033.9  48390.6
   571  723132.  91785.2  49079.6
   572  723132.  91534.5  49775.1
   573  723132.  91280.7  50487.0
   574  723132.  91024.9  51213.0
   575  723132.  90766.5  51954.9
   576  723132.  90506.4  52714.6
   577  723132.  90242.1  53490.0
   578  723132.  89975.1  54276.4
   579  723132.  89705.0  55091.4
   580  723132.  89434.1  55906.2
   581  723132.  89160.0  56748.2
   582  723132.  88883.3  57600.2
   583  723132.  88603.8  58475.7
   584  723132.  88321.1  59371.4
   585  723132.  88037.0  60281.3
   586  723132.  87746.5  61221.9
   587  723132.  87454.1  62177.9
   588  723132.  87159.8  63151.3
   589  723132.  86861.3  64154.2
   590  723132.  86560.6  65167.4
   591  723132.  86256.5  66213.4
   592  723132.  85948.9  67275.7
   593  723132.  85638.3  68365.9
   594  723132.  85324.4  69483.8
   595  723132.  85005.8  70629.3
   596  723132.  84684.0  71802.5
   597  723132.  84359.1  72998.6
   598  723132.  84031.0  74220.8
   599  723132.  83698.6  75477.5
   600  723132.  83363.7  76756.0
   601  723132.  83022.6  78074.7
   602  723132.  82679.3  79426.3
   603  723132.  82330.7  80810.4
   604  723132.  81979.0  82229.2
   605  723132.  81622.8  83679.3
   606  723132.  81262.8  85173.4
   607  723132.  80898.4  86694.5
   608  723132.  80530.3  88261.9
   609  723132.  80156.7  89870.6
   610  723132.  79779.8  91515.5
   611  723132.  79397.1  93210.6
   612  723132.  79009.2  94957.1
   613  723132.  78616.3  96754.8
   614  723132.  78220.9  98579.2
   615  723132.  77819.6  100465.
   616  723132.  77412.9  102402.
   617  723132.  77000.2  104398.
   618  723132.  76583.6  106446.
   619  723132.  76160.3  108552.
   620  723132.  75732.8  110729.
   621  723132.  75298.7  112960.
   622  723132.  74859.4  115263.
   623  723132.  74414.8  117623.
   624  723132.  73964.6  120061.
   625  723132.  73506.1  122585.
   626  723132.  73043.1  125189.
   627  723132.  72574.6  127845.
   628  723132.  72098.6  130602.
   629  723132.  71617.5  133442.
   630  723132.  71127.6  136385.
   631  723132.  70631.9  139420.
   632  723132.  70130.5  142544.
   633  723132.  69620.9  145786.
   634  723132.  69104.2  149142.
   635  723132.  68580.2  152596.
   636  723132.  68050.1  156181.
   637  723132.  67511.2  159885.
   638  723132.  66965.4  163729.
   639  723132.  66411.1  167705.
   640  723132.  65849.3  171836.
   641  723132.  65279.1  176117.
   642  723132.  64701.0  180558.
   643  723132.  64113.2  185189.
   644  723132.  63518.4  189977.
   645  723132.  62916.3  194950.
   646  723132.  62303.9  200124.
   647  723132.  61683.3  205513.
   648  723132.  61051.9  211150.
   649  723132.  60414.1  216990.
   650  723132.  59765.9  223102.
   651  723132.  59108.4  229464.
   652  723132.  58441.7  236134.
   653  723132.  57766.8  243095.
   654  723132.  57081.9  250367.
   655  723132.  56388.2  257966.
   656  723132.  55685.0  265958.
   657  723132.  54972.9  274336.
   658  723132.  54252.4  283113.
   659  723132.  53522.3  292370.
   660  723132.  52783.9  302112.
   661  723132.  52037.6  312360.
   662  723132.  51284.5  323166.
   663  723132.  50524.1  334581.
   664  723132.  49756.1  346700.
   665  723132.  48984.4  359475.
   666  723132.  48208.1  373048.
   667  723132.  47428.3  387490.
   668  723132.  46647.7  402870.
   669  723132.  45867.6  419281.
   670  723132.  45090.6  436812.
   671  723132.  44320.2  455631.
   672  723132.  43559.6  475832.
   673  723132.  42814.3  497607.
   674  723132.  42089.0  521165.
   675  723132.  41392.0  546736.
   676  723132.  40732.2  574539.
   677  723132.  40121.1  605020.
   678  723132.  39574.5  638478.
   679  723132.  39112.2  675541.
   680  723132.  38761.2  716818.
   681  723132.  38557.9  763179.
   682  723132.  38554.1  815783.
   683  723132.  38824.5  876329.
   684  723132.  39482.5  947087.
   685  723132.  40711.6  1.031641E+06
   686  723132.  42830.2  1.136039E+06
   687  723132.  46472.2  1.271612E+06
   688  723132.  53162.9  1.464061E+06
   689  723132.  68369.0  1.799506E+06
   690  723132. -NaN -NaN
   691  723132. -NaN -NaN
   692  723132. -NaN -NaN
   693  723132. -NaN -NaN
   694  723132. -NaN -NaN
   695  723132. -NaN -NaN
   696  723132. -NaN -NaN
   697  723132. -NaN -NaN
   698  723132. -NaN -NaN
   699  723132. -NaN -NaN
   700  723132. -NaN -NaN
   701  723132. -NaN -NaN
   702  723132. -NaN -NaN
   703  723132. -NaN -NaN
   704  723132. -NaN -NaN
   705  723132. -NaN -NaN
   706  723132. -NaN -NaN
   707  723132. -NaN -NaN
   708  723132. -NaN -NaN
   709  723132. -NaN -NaN
   710  723132. -NaN -NaN
   711  723132. -NaN -NaN
   712  723132. -NaN -NaN
   713  723132. -NaN -NaN
   714  723132. -NaN -NaN
   715  723132. -NaN -NaN
   716  723132. -NaN -NaN
   717  723132. -NaN -NaN
   718  723132. -NaN -NaN
   719  723132. -NaN -NaN
   720  723132. -NaN -NaN
   721  723132. -NaN -NaN
   722  723132. -NaN -NaN
   723  723132. -NaN -NaN
   724  723132. -NaN -NaN
   725  723132. -NaN -NaN
   726  723132. -NaN -NaN
   727  723132. -NaN -NaN
   728  723132. -NaN -NaN
   729  723132. -NaN -NaN
   730  723132. -NaN -NaN
   731  723132. -NaN -NaN
   732  723132. -NaN -NaN
   733  723132. -NaN -NaN
   734  723132. -NaN -NaN
   735  723132. -NaN -NaN
   736  723132. -NaN -NaN
   737  723132. -NaN -NaN
   738  723132. -NaN -NaN
   739  723132. -NaN -NaN
   740  723132. -NaN -NaN
   741  723132. -NaN -NaN
   742  723132. -NaN -NaN
   743  723132. -NaN -NaN
   744  723132. -NaN -NaN
   745  723132. -NaN -NaN
   746  723132. -NaN -NaN
   747  723132. -NaN -NaN
   748  723132. -NaN -NaN
   749  723132. -NaN -NaN
   750  723132. -NaN -NaN
   751  723132. -NaN -NaN
   752  723132. -NaN -NaN
   753  723132. -NaN -NaN
   754  723132. -NaN -NaN
   755  723132. -NaN -NaN
   756  723132. -NaN -NaN
   757  723132. -NaN -NaN
   758  723132. -NaN -NaN
   759  723132. -NaN -NaN
   760  723132. -NaN -NaN
   761  723132. -NaN -NaN
   762  723132. -NaN -NaN
   763  723132. -NaN -NaN
   764  723132. -NaN -NaN
   765  723132. -NaN -NaN
   766  723132. -NaN -NaN
   767  723132. -NaN -NaN
   768  723132. -NaN -NaN
   769  723132. -NaN -NaN
   770  723132. -NaN -NaN
   771  723132. -NaN -NaN
   772  723132. -NaN -NaN
   773  723132. -NaN -NaN
   774  723132. -NaN -NaN
   775  723132. -NaN -NaN
   776  723132. -NaN -NaN
   777  723132. -NaN -NaN
   778  723132. -NaN -NaN
   779  723132. -NaN -NaN
   780  723132. -NaN -NaN
   781  723132. -NaN -NaN
   782  723132. -NaN -NaN
   783  723132. -NaN -NaN
   784  723132. -NaN -NaN
   785  723132. -NaN -NaN
   786  723132. -NaN -NaN
   787  723132. -NaN -NaN
   788  723132. -NaN -NaN
   789  723132. -NaN -NaN
   790  723132. -NaN -NaN
   791  723132. -NaN -NaN
   792  723132. -NaN -NaN
   793  723132. -NaN -NaN
   794  723132. -NaN -NaN
   795  723132. -NaN -NaN
   796  723132. -NaN -NaN
   797  723132. -NaN -NaN
   798  723132. -NaN -NaN
   799  723132. -NaN -NaN
   800  723132. -NaN -NaN
   801  723132. -NaN -NaN
   802  723132. -NaN -NaN
   803  723132. -NaN -NaN
   804  723132. -NaN -NaN
   805  723132. -NaN -NaN
   806  723132. -NaN -NaN
   807  723132. -NaN -NaN
   808  723132. -NaN -NaN
   809  723132. -NaN -NaN
   810  723132. -NaN -NaN
   811  723132. -NaN -NaN
   812  723132. -NaN -NaN
   813  723132. -NaN -NaN
   814  723132. -NaN -NaN
   815  723132. -NaN -NaN
   816  723132. -NaN -NaN
   817  723132. -NaN -NaN
   818  723132. -NaN -NaN
   819  723132. -NaN -NaN
   820  723132. -NaN -NaN
   821  723132. -NaN -NaN
   822  723132. -NaN -NaN
   823  723132. -NaN -NaN
   824  723132. -NaN -NaN
   825  723132. -NaN -NaN
   826  723132. -NaN -NaN
   827  723132. -NaN -NaN
   828  723132. -NaN -NaN
   829  723132. -NaN -NaN
   830  723132. -NaN -NaN
   831  723132. -NaN -NaN
   832  723132. -NaN -NaN
   833  723132. -NaN -NaN
   834  723132. -NaN -NaN
   835  723132. -NaN -NaN
   836  723132. -NaN -NaN
   837  723132. -NaN -NaN
   838  723132. -NaN -NaN
   839  723132. -NaN -NaN
   840  723132. -NaN -NaN
   841  723132. -NaN -NaN
   842  723132. -NaN -NaN
   843  723132. -NaN -NaN
   844  723132. -NaN -NaN
   845  723132. -NaN -NaN
   846  723132. -NaN -NaN
   847  723132. -NaN -NaN
   848  723132. -NaN -NaN
   849  723132. -NaN -NaN
   850  723132. -NaN -NaN
   851  723132. -NaN -NaN
   852  723132. -NaN -NaN
   853  723132. -NaN -NaN
   854  723132. -NaN -NaN
   855  723132. -NaN -NaN
   856  723132. -NaN -NaN
   857  723132. -NaN -NaN
   858  723132. -NaN -NaN
   859  723132. -NaN -NaN
   860  723132. -NaN -NaN
   861  723132. -NaN -NaN
   862  723132. -NaN -NaN
   863  723132. -NaN -NaN
   864  723132. -NaN -NaN
   865  723132. -NaN -NaN
   866  723132. -NaN -NaN
   867  723132. -NaN -NaN
   868  723132. -NaN -NaN
   869  723132. -NaN -NaN
   870  723132. -NaN -NaN
   871  723132. -NaN -NaN
   872  723132. -NaN -NaN
   873  723132. -NaN -NaN
   874  723132. -NaN -NaN
   875  723132. -NaN -NaN
   876  723132. -NaN -NaN
   877  723132. -NaN -NaN
   878  723132. -NaN -NaN
   879  723132. -NaN -NaN
   880  723132. -NaN -NaN
   881  723132. -NaN -NaN
   882  723132. -NaN -NaN
   883  723132. -NaN -NaN
   884  723132. -NaN -NaN
   885  723132. -NaN -NaN
   886  723132. -NaN -NaN
   887  723132. -NaN -NaN
   888  723132. -NaN -NaN
   889  723132. -NaN -NaN
   890  723132. -NaN -NaN
   891  723132. -NaN -NaN
   892  723132. -NaN -NaN
   893  723132. -NaN -NaN
   894  723132. -NaN -NaN
   895  723132. -NaN -NaN
   896  723132. -NaN -NaN
   897  723132. -NaN -NaN
   898  723132. -NaN -NaN
   899  723132. -NaN -NaN
   900  723132. -NaN -NaN
   901  723132. -NaN -NaN
   902  723132. -NaN -NaN
   903  723132. -NaN -NaN
   904  723132. -NaN -NaN
   905  723132. -NaN -NaN
   906  723132. -NaN -NaN
   907  723132. -NaN -NaN
   908  723132. -NaN -NaN
   909  723132. -NaN -NaN
   910  723132. -NaN -NaN
   911  723132. -NaN -NaN
   912  723132. -NaN -NaN
   913  723132. -NaN -NaN
   914  723132. -NaN -NaN
   915  723132. -NaN -NaN
   916  723132. -NaN -NaN
   917  723132. -NaN -NaN
   918  723132. -NaN -NaN
   919  723132. -NaN -NaN
   920  723132. -NaN -NaN
   921  723132. -NaN -NaN
   922  723132. -NaN -NaN
   923  723132. -NaN -NaN
   924  723132. -NaN -NaN
   925  723132. -NaN -NaN
   926  723132. -NaN -NaN
   927  723132. -NaN -NaN
   928  723132. -NaN -NaN
   929  723132. -NaN -NaN
   930  723132. -NaN -NaN
   931  723132. -NaN -NaN
   932  723132. -NaN -NaN
   933  723132. -NaN -NaN
   934  723132. -NaN -NaN
   935  723132. -NaN -NaN
   936  723132. -NaN -NaN
   937  723132. -NaN -NaN
   938  723132. -NaN -NaN
   939  723132. -NaN -NaN
   940  723132. -NaN -NaN
   941  723132. -NaN -NaN
   942  723132. -NaN -NaN
   943  723132. -NaN -NaN
   944  723132. -NaN -NaN
   945  723132. -NaN -NaN
   946  723132. -NaN -NaN
   947  723132. -NaN -NaN
   948  723132. -NaN -NaN
   949  723132. -NaN -NaN
   950  723132. -NaN -NaN
   951  723132. -NaN -NaN
   952  723132. -NaN -NaN
   953  723132. -NaN -NaN
   954  723132. -NaN -NaN
   955  723132. -NaN -NaN
   956  723132. -NaN -NaN
   957  723132. -NaN -NaN
   958  723132. -NaN -NaN
   959  723132. -NaN -NaN
   960  723132. -NaN -NaN
   961  723132. -NaN -NaN
   962  723132. -NaN -NaN
   963  723132. -NaN -NaN
   964  723132. -NaN -NaN
   965  723132. -NaN -NaN
   966  723132. -NaN -NaN
   967  723132. -NaN -NaN
   968  723132. -NaN -NaN
   969  723132. -NaN -NaN
   970  723132. -NaN -NaN
   971  723132. -NaN -NaN
   972  723132. -NaN -NaN
   973  723132. -NaN -NaN
   974  723132. -NaN -NaN
   975  723132. -NaN -NaN
   976  723132. -NaN -NaN
   977  723132. -NaN -NaN
   978  723132. -NaN -NaN
   979  723132. -NaN -NaN
   980  723132. -NaN -NaN
   981  723132. -NaN -NaN
   982  723132. -NaN -NaN
   983  723132. -NaN -NaN
   984  723132. -NaN -NaN
   985  723132. -NaN -NaN
   986  723132. -NaN -NaN
   987  723132. -NaN -NaN
   988  723132. -NaN -NaN
   989  723132. -NaN -NaN
   990  723132. -NaN -NaN
   991  723132. -NaN -NaN
   992  723132. -NaN -NaN
   993  723132. -NaN -NaN
   994  723132. -NaN -NaN
   995  723132. -NaN -NaN
   996  723132. -NaN -NaN
   997  723132. -NaN -NaN
   998  723132. -NaN -NaN
   999  723132. -NaN -NaN
   1000  723132. -NaN -NaN
